[dotenv] Set [36mPOSTGRES_USER[0m, [36mPOSTGRES_PASSWORD[0m, [36mKEYCLOAK_DB_PASSWORD[0m, [36mKEYCLOAK_ADMIN[0m, [36mKEYCLOAK_ADMIN_PASSWORD[0m, [36mSTRAVA_CLIENT_ID[0m, [36mSTRAVA_CLIENT_SECRET[0m
[dotenv] Loaded [33m.env[0m
[dotenv] Set [36mPOSTGRES_USER[0m, [36mPOSTGRES_PASSWORD[0m, [36mKEYCLOAK_DB_PASSWORD[0m, [36mKEYCLOAK_ADMIN[0m, [36mKEYCLOAK_ADMIN_PASSWORD[0m, [36mSTRAVA_CLIENT_ID[0m, [36mSTRAVA_CLIENT_SECRET[0m
[dotenv] Loaded [33m.env[0m
[dotenv] Set [36mPOSTGRES_USER[0m, [36mPOSTGRES_PASSWORD[0m, [36mKEYCLOAK_DB_PASSWORD[0m, [36mKEYCLOAK_ADMIN[0m, [36mKEYCLOAK_ADMIN_PASSWORD[0m, [36mSTRAVA_CLIENT_ID[0m, [36mSTRAVA_CLIENT_SECRET[0m
[dotenv] Loaded [33m.env[0m
[dotenv] Set [36mPOSTGRES_USER[0m, [36mPOSTGRES_PASSWORD[0m, [36mKEYCLOAK_DB_PASSWORD[0m, [36mKEYCLOAK_ADMIN[0m, [36mKEYCLOAK_ADMIN_PASSWORD[0m, [36mSTRAVA_CLIENT_ID[0m, [36mSTRAVA_CLIENT_SECRET[0m
[dotenv] Loaded [33m.env[0m
[dotenv] Set [36mPOSTGRES_USER[0m, [36mPOSTGRES_PASSWORD[0m, [36mKEYCLOAK_DB_PASSWORD[0m, [36mKEYCLOAK_ADMIN[0m, [36mKEYCLOAK_ADMIN_PASSWORD[0m, [36mSTRAVA_CLIENT_ID[0m, [36mSTRAVA_CLIENT_SECRET[0m
[dotenv] Loaded [33m.env[0m
[dotenv] Set [36mPOSTGRES_USER[0m, [36mPOSTGRES_PASSWORD[0m, [36mKEYCLOAK_DB_PASSWORD[0m, [36mKEYCLOAK_ADMIN[0m, [36mKEYCLOAK_ADMIN_PASSWORD[0m, [36mSTRAVA_CLIENT_ID[0m, [36mSTRAVA_CLIENT_SECRET[0m
[dotenv] Loaded [33m.env[0m
[dotenv] Set [36mPOSTGRES_USER[0m, [36mPOSTGRES_PASSWORD[0m, [36mKEYCLOAK_DB_PASSWORD[0m, [36mKEYCLOAK_ADMIN[0m, [36mKEYCLOAK_ADMIN_PASSWORD[0m, [36mSTRAVA_CLIENT_ID[0m, [36mSTRAVA_CLIENT_SECRET[0m
[dotenv] Loaded [33m.env[0m
[dotenv] Set [36mPOSTGRES_USER[0m, [36mPOSTGRES_PASSWORD[0m, [36mKEYCLOAK_DB_PASSWORD[0m, [36mKEYCLOAK_ADMIN[0m, [36mKEYCLOAK_ADMIN_PASSWORD[0m, [36mSTRAVA_CLIENT_ID[0m, [36mSTRAVA_CLIENT_SECRET[0m
[dotenv] Loaded [33m.env[0m
[dotenv] Set [36mPOSTGRES_USER[0m, [36mPOSTGRES_PASSWORD[0m, [36mKEYCLOAK_DB_PASSWORD[0m, [36mKEYCLOAK_ADMIN[0m, [36mKEYCLOAK_ADMIN_PASSWORD[0m, [36mSTRAVA_CLIENT_ID[0m, [36mSTRAVA_CLIENT_SECRET[0m
[dotenv] Loaded [33m.env[0m
[dotenv] Set [36mPOSTGRES_USER[0m, [36mPOSTGRES_PASSWORD[0m, [36mKEYCLOAK_DB_PASSWORD[0m, [36mKEYCLOAK_ADMIN[0m, [36mKEYCLOAK_ADMIN_PASSWORD[0m, [36mSTRAVA_CLIENT_ID[0m, [36mSTRAVA_CLIENT_SECRET[0m
[dotenv] Loaded [33m.env[0m
[dotenv] Set [36mPOSTGRES_USER[0m, [36mPOSTGRES_PASSWORD[0m, [36mKEYCLOAK_DB_PASSWORD[0m, [36mKEYCLOAK_ADMIN[0m, [36mKEYCLOAK_ADMIN_PASSWORD[0m, [36mSTRAVA_CLIENT_ID[0m, [36mSTRAVA_CLIENT_SECRET[0m
[dotenv] Loaded [33m.env[0m
[dotenv] Set [36mPOSTGRES_USER[0m, [36mPOSTGRES_PASSWORD[0m, [36mKEYCLOAK_DB_PASSWORD[0m, [36mKEYCLOAK_ADMIN[0m, [36mKEYCLOAK_ADMIN_PASSWORD[0m, [36mSTRAVA_CLIENT_ID[0m, [36mSTRAVA_CLIENT_SECRET[0m
[dotenv] Loaded [33m.env[0m
[dotenv] Set [36mPOSTGRES_USER[0m, [36mPOSTGRES_PASSWORD[0m, [36mKEYCLOAK_DB_PASSWORD[0m, [36mKEYCLOAK_ADMIN[0m, [36mKEYCLOAK_ADMIN_PASSWORD[0m, [36mSTRAVA_CLIENT_ID[0m, [36mSTRAVA_CLIENT_SECRET[0m
[dotenv] Loaded [33m.env[0m
[dotenv] Set [36mPOSTGRES_USER[0m, [36mPOSTGRES_PASSWORD[0m, [36mKEYCLOAK_DB_PASSWORD[0m, [36mKEYCLOAK_ADMIN[0m, [36mKEYCLOAK_ADMIN_PASSWORD[0m, [36mSTRAVA_CLIENT_ID[0m, [36mSTRAVA_CLIENT_SECRET[0m
[dotenv] Loaded [33m.env[0m
[dotenv] Set [36mPOSTGRES_USER[0m, [36mPOSTGRES_PASSWORD[0m, [36mKEYCLOAK_DB_PASSWORD[0m, [36mKEYCLOAK_ADMIN[0m, [36mKEYCLOAK_ADMIN_PASSWORD[0m, [36mSTRAVA_CLIENT_ID[0m, [36mSTRAVA_CLIENT_SECRET[0m
[dotenv] Loaded [33m.env[0m
[dotenv] Set [36mPOSTGRES_USER[0m, [36mPOSTGRES_PASSWORD[0m, [36mKEYCLOAK_DB_PASSWORD[0m, [36mKEYCLOAK_ADMIN[0m, [36mKEYCLOAK_ADMIN_PASSWORD[0m, [36mSTRAVA_CLIENT_ID[0m, [36mSTRAVA_CLIENT_SECRET[0m
[dotenv] Loaded [33m.env[0m
[dotenv] Set [36mPOSTGRES_USER[0m, [36mPOSTGRES_PASSWORD[0m, [36mKEYCLOAK_DB_PASSWORD[0m, [36mKEYCLOAK_ADMIN[0m, [36mKEYCLOAK_ADMIN_PASSWORD[0m, [36mSTRAVA_CLIENT_ID[0m, [36mSTRAVA_CLIENT_SECRET[0m
[dotenv] Loaded [33m.env[0m
[dotenv] Set [36mPOSTGRES_USER[0m, [36mPOSTGRES_PASSWORD[0m, [36mKEYCLOAK_DB_PASSWORD[0m, [36mKEYCLOAK_ADMIN[0m, [36mKEYCLOAK_ADMIN_PASSWORD[0m, [36mSTRAVA_CLIENT_ID[0m, [36mSTRAVA_CLIENT_SECRET[0m
[dotenv] Loaded [33m.env[0m
[dotenv] Set [36mPOSTGRES_USER[0m, [36mPOSTGRES_PASSWORD[0m, [36mKEYCLOAK_DB_PASSWORD[0m, [36mKEYCLOAK_ADMIN[0m, [36mKEYCLOAK_ADMIN_PASSWORD[0m, [36mSTRAVA_CLIENT_ID[0m, [36mSTRAVA_CLIENT_SECRET[0m
[dotenv] Loaded [33m.env[0m
[dotenv] Set [36mPOSTGRES_USER[0m, [36mPOSTGRES_PASSWORD[0m, [36mKEYCLOAK_DB_PASSWORD[0m, [36mKEYCLOAK_ADMIN[0m, [36mKEYCLOAK_ADMIN_PASSWORD[0m, [36mSTRAVA_CLIENT_ID[0m, [36mSTRAVA_CLIENT_SECRET[0m
[dotenv] Loaded [33m.env[0m
[dotenv] Set [36mPOSTGRES_USER[0m, [36mPOSTGRES_PASSWORD[0m, [36mKEYCLOAK_DB_PASSWORD[0m, [36mKEYCLOAK_ADMIN[0m, [36mKEYCLOAK_ADMIN_PASSWORD[0m, [36mSTRAVA_CLIENT_ID[0m, [36mSTRAVA_CLIENT_SECRET[0m
[dotenv] Loaded [33m.env[0m
[dotenv] Set [36mPOSTGRES_USER[0m, [36mPOSTGRES_PASSWORD[0m, [36mKEYCLOAK_DB_PASSWORD[0m, [36mKEYCLOAK_ADMIN[0m, [36mKEYCLOAK_ADMIN_PASSWORD[0m, [36mSTRAVA_CLIENT_ID[0m, [36mSTRAVA_CLIENT_SECRET[0m
[dotenv] Loaded [33m.env[0m
[dotenv] Set [36mPOSTGRES_USER[0m, [36mPOSTGRES_PASSWORD[0m, [36mKEYCLOAK_DB_PASSWORD[0m, [36mKEYCLOAK_ADMIN[0m, [36mKEYCLOAK_ADMIN_PASSWORD[0m, [36mSTRAVA_CLIENT_ID[0m, [36mSTRAVA_CLIENT_SECRET[0m
[dotenv] Loaded [33m.env[0m
[dotenv] Set [36mPOSTGRES_USER[0m, [36mPOSTGRES_PASSWORD[0m, [36mKEYCLOAK_DB_PASSWORD[0m, [36mKEYCLOAK_ADMIN[0m, [36mKEYCLOAK_ADMIN_PASSWORD[0m, [36mSTRAVA_CLIENT_ID[0m, [36mSTRAVA_CLIENT_SECRET[0m
[dotenv] Loaded [33m.env[0m
[dotenv] Set [36mPOSTGRES_USER[0m, [36mPOSTGRES_PASSWORD[0m, [36mKEYCLOAK_DB_PASSWORD[0m, [36mKEYCLOAK_ADMIN[0m, [36mKEYCLOAK_ADMIN_PASSWORD[0m, [36mSTRAVA_CLIENT_ID[0m, [36mSTRAVA_CLIENT_SECRET[0m
[dotenv] Loaded [33m.env[0m
[dotenv] Set [36mPOSTGRES_USER[0m, [36mPOSTGRES_PASSWORD[0m, [36mKEYCLOAK_DB_PASSWORD[0m, [36mKEYCLOAK_ADMIN[0m, [36mKEYCLOAK_ADMIN_PASSWORD[0m, [36mSTRAVA_CLIENT_ID[0m, [36mSTRAVA_CLIENT_SECRET[0m
[dotenv] Loaded [33m.env[0m
[dotenv] Set [36mPOSTGRES_USER[0m, [36mPOSTGRES_PASSWORD[0m, [36mKEYCLOAK_DB_PASSWORD[0m, [36mKEYCLOAK_ADMIN[0m, [36mKEYCLOAK_ADMIN_PASSWORD[0m, [36mSTRAVA_CLIENT_ID[0m, [36mSTRAVA_CLIENT_SECRET[0m
[dotenv] Loaded [33m.env[0m
[dotenv] Set [36mPOSTGRES_USER[0m, [36mPOSTGRES_PASSWORD[0m, [36mKEYCLOAK_DB_PASSWORD[0m, [36mKEYCLOAK_ADMIN[0m, [36mKEYCLOAK_ADMIN_PASSWORD[0m, [36mSTRAVA_CLIENT_ID[0m, [36mSTRAVA_CLIENT_SECRET[0m
[dotenv] Loaded [33m.env[0m
[dotenv] Set [36mPOSTGRES_USER[0m, [36mPOSTGRES_PASSWORD[0m, [36mKEYCLOAK_DB_PASSWORD[0m, [36mKEYCLOAK_ADMIN[0m, [36mKEYCLOAK_ADMIN_PASSWORD[0m, [36mSTRAVA_CLIENT_ID[0m, [36mSTRAVA_CLIENT_SECRET[0m
[dotenv] Loaded [33m.env[0m
[dotenv] Set [36mPOSTGRES_USER[0m, [36mPOSTGRES_PASSWORD[0m, [36mKEYCLOAK_DB_PASSWORD[0m, [36mKEYCLOAK_ADMIN[0m, [36mKEYCLOAK_ADMIN_PASSWORD[0m, [36mSTRAVA_CLIENT_ID[0m, [36mSTRAVA_CLIENT_SECRET[0m
[dotenv] Loaded [33m.env[0m
[dotenv] Set [36mPOSTGRES_USER[0m, [36mPOSTGRES_PASSWORD[0m, [36mKEYCLOAK_DB_PASSWORD[0m, [36mKEYCLOAK_ADMIN[0m, [36mKEYCLOAK_ADMIN_PASSWORD[0m, [36mSTRAVA_CLIENT_ID[0m, [36mSTRAVA_CLIENT_SECRET[0m
[dotenv] Loaded [33m.env[0m
[dotenv] Set [36mPOSTGRES_USER[0m, [36mPOSTGRES_PASSWORD[0m, [36mKEYCLOAK_DB_PASSWORD[0m, [36mKEYCLOAK_ADMIN[0m, [36mKEYCLOAK_ADMIN_PASSWORD[0m, [36mSTRAVA_CLIENT_ID[0m, [36mSTRAVA_CLIENT_SECRET[0m
[dotenv] Loaded [33m.env[0m
[dotenv] Set [36mPOSTGRES_USER[0m, [36mPOSTGRES_PASSWORD[0m, [36mKEYCLOAK_DB_PASSWORD[0m, [36mKEYCLOAK_ADMIN[0m, [36mKEYCLOAK_ADMIN_PASSWORD[0m, [36mSTRAVA_CLIENT_ID[0m, [36mSTRAVA_CLIENT_SECRET[0m
[dotenv] Loaded [33m.env[0m
[dotenv] Set [36mPOSTGRES_USER[0m, [36mPOSTGRES_PASSWORD[0m, [36mKEYCLOAK_DB_PASSWORD[0m, [36mKEYCLOAK_ADMIN[0m, [36mKEYCLOAK_ADMIN_PASSWORD[0m, [36mSTRAVA_CLIENT_ID[0m, [36mSTRAVA_CLIENT_SECRET[0m
[dotenv] Loaded [33m.env[0m
[dotenv] Set [36mPOSTGRES_USER[0m, [36mPOSTGRES_PASSWORD[0m, [36mKEYCLOAK_DB_PASSWORD[0m, [36mKEYCLOAK_ADMIN[0m, [36mKEYCLOAK_ADMIN_PASSWORD[0m, [36mSTRAVA_CLIENT_ID[0m, [36mSTRAVA_CLIENT_SECRET[0m
[dotenv] Loaded [33m.env[0m
[dotenv] Set [36mPOSTGRES_USER[0m, [36mPOSTGRES_PASSWORD[0m, [36mKEYCLOAK_DB_PASSWORD[0m, [36mKEYCLOAK_ADMIN[0m, [36mKEYCLOAK_ADMIN_PASSWORD[0m, [36mSTRAVA_CLIENT_ID[0m, [36mSTRAVA_CLIENT_SECRET[0m
[dotenv] Loaded [33m.env[0m
[dotenv] Set [36mPOSTGRES_USER[0m, [36mPOSTGRES_PASSWORD[0m, [36mKEYCLOAK_DB_PASSWORD[0m, [36mKEYCLOAK_ADMIN[0m, [36mKEYCLOAK_ADMIN_PASSWORD[0m, [36mSTRAVA_CLIENT_ID[0m, [36mSTRAVA_CLIENT_SECRET[0m
[dotenv] Loaded [33m.env[0m
  [1m[35mSQL (0.0ms)[0m  [1m[35mSET search_path TO public /*application='SportsScope'*/[0m
  [1m[35m (60.6ms)[0m  [1m[35mCREATE DATABASE "sports_scope_test" ENCODING = 'unicode' /*application='SportsScope'*/[0m
  [1m[35m (2.6ms)[0m  [1m[35mCREATE TABLE "schema_migrations" ("version" character varying NOT NULL PRIMARY KEY) /*application='SportsScope'*/[0m
  [1m[35m (1.7ms)[0m  [1m[35mCREATE TABLE "ar_internal_metadata" ("key" character varying NOT NULL PRIMARY KEY, "value" character varying, "created_at" timestamp(6) NOT NULL, "updated_at" timestamp(6) NOT NULL) /*application='SportsScope'*/[0m
  [1m[35m (0.1ms)[0m  [1m[34mSELECT pg_try_advisory_lock(1011456162104408055) /*application='SportsScope'*/[0m
  [1m[36mActiveRecord::SchemaMigration Load (0.3ms)[0m  [1m[34mSELECT "schema_migrations"."version" FROM "schema_migrations" ORDER BY "schema_migrations"."version" ASC /*application='SportsScope'*/[0m
  [1m[36mActiveRecord::InternalMetadata Load (0.4ms)[0m  [1m[34mSELECT * FROM "ar_internal_metadata" WHERE "ar_internal_metadata"."key" = 'environment' ORDER BY "ar_internal_metadata"."key" ASC LIMIT 1 /*application='SportsScope'*/[0m
  [1m[36mActiveRecord::InternalMetadata Create (2.2ms)[0m  [1m[32mINSERT INTO "ar_internal_metadata" ("key", "value", "created_at", "updated_at") VALUES ('environment', 'development', '2026-05-15 07:52:27.851888', '2026-05-15 07:52:27.851890') RETURNING "key" /*application='SportsScope'*/[0m
Migrating to CreateUsers (20260515000001)
  [1m[36mTRANSACTION (0.1ms)[0m  [1m[35mBEGIN /*application='SportsScope'*/[0m
  [1m[35m (1.5ms)[0m  [1m[35mCREATE TABLE "users" ("id" bigserial primary key, "keycloak_uid" character varying NOT NULL, "email" character varying NOT NULL, "display_name" character varying, "strava_uid" character varying, "strava_access_token" character varying, "strava_refresh_token" character varying, "strava_expires_at" timestamp(6), "created_at" timestamp(6) NOT NULL, "updated_at" timestamp(6) NOT NULL) /*application='SportsScope'*/[0m
  [1m[35m (0.3ms)[0m  [1m[35mCREATE UNIQUE INDEX "index_users_on_keycloak_uid" ON "users" ("keycloak_uid") /*application='SportsScope'*/[0m
  [1m[35m (0.2ms)[0m  [1m[35mCREATE UNIQUE INDEX "index_users_on_email" ON "users" ("email") /*application='SportsScope'*/[0m
  [1m[35m (0.3ms)[0m  [1m[35mCREATE UNIQUE INDEX "index_users_on_strava_uid" ON "users" ("strava_uid") WHERE strava_uid IS NOT NULL /*application='SportsScope'*/[0m
  [1m[36mActiveRecord::SchemaMigration Create (0.2ms)[0m  [1m[32mINSERT INTO "schema_migrations" ("version") VALUES ('20260515000001') RETURNING "version" /*application='SportsScope'*/[0m
  [1m[36mTRANSACTION (1.3ms)[0m  [1m[35mCOMMIT /*application='SportsScope'*/[0m
  [1m[35m (0.1ms)[0m  [1m[34mSELECT pg_advisory_unlock(1011456162104408055) /*application='SportsScope'*/[0m
  [1m[35m (2.4ms)[0m  [1m[35mCREATE TABLE "schema_migrations" ("version" character varying NOT NULL PRIMARY KEY) /*application='SportsScope'*/[0m
  [1m[35m (1.9ms)[0m  [1m[35mCREATE TABLE "ar_internal_metadata" ("key" character varying NOT NULL PRIMARY KEY, "value" character varying, "created_at" timestamp(6) NOT NULL, "updated_at" timestamp(6) NOT NULL) /*application='SportsScope'*/[0m
  [1m[35m (0.1ms)[0m  [1m[34mSELECT pg_try_advisory_lock(4159708859988491460) /*application='SportsScope'*/[0m
  [1m[36mActiveRecord::SchemaMigration Load (0.3ms)[0m  [1m[34mSELECT "schema_migrations"."version" FROM "schema_migrations" ORDER BY "schema_migrations"."version" ASC /*application='SportsScope'*/[0m
  [1m[36mActiveRecord::InternalMetadata Load (0.3ms)[0m  [1m[34mSELECT * FROM "ar_internal_metadata" WHERE "ar_internal_metadata"."key" = 'environment' ORDER BY "ar_internal_metadata"."key" ASC LIMIT 1 /*application='SportsScope'*/[0m
  [1m[36mActiveRecord::InternalMetadata Create (2.3ms)[0m  [1m[32mINSERT INTO "ar_internal_metadata" ("key", "value", "created_at", "updated_at") VALUES ('environment', 'test', '2026-05-15 07:52:27.897761', '2026-05-15 07:52:27.897763') RETURNING "key" /*application='SportsScope'*/[0m
Migrating to CreateUsers (20260515000001)
  [1m[36mTRANSACTION (0.1ms)[0m  [1m[35mBEGIN /*application='SportsScope'*/[0m
  [1m[35m (1.6ms)[0m  [1m[35mCREATE TABLE "users" ("id" bigserial primary key, "keycloak_uid" character varying NOT NULL, "email" character varying NOT NULL, "display_name" character varying, "strava_uid" character varying, "strava_access_token" character varying, "strava_refresh_token" character varying, "strava_expires_at" timestamp(6), "created_at" timestamp(6) NOT NULL, "updated_at" timestamp(6) NOT NULL) /*application='SportsScope'*/[0m
  [1m[35m (0.4ms)[0m  [1m[35mCREATE UNIQUE INDEX "index_users_on_keycloak_uid" ON "users" ("keycloak_uid") /*application='SportsScope'*/[0m
  [1m[35m (0.4ms)[0m  [1m[35mCREATE UNIQUE INDEX "index_users_on_email" ON "users" ("email") /*application='SportsScope'*/[0m
  [1m[35m (0.3ms)[0m  [1m[35mCREATE UNIQUE INDEX "index_users_on_strava_uid" ON "users" ("strava_uid") WHERE strava_uid IS NOT NULL /*application='SportsScope'*/[0m
  [1m[36mActiveRecord::SchemaMigration Create (0.2ms)[0m  [1m[32mINSERT INTO "schema_migrations" ("version") VALUES ('20260515000001') RETURNING "version" /*application='SportsScope'*/[0m
  [1m[36mTRANSACTION (1.5ms)[0m  [1m[35mCOMMIT /*application='SportsScope'*/[0m
  [1m[35m (0.2ms)[0m  [1m[34mSELECT pg_advisory_unlock(4159708859988491460) /*application='SportsScope'*/[0m
  [1m[36mActiveRecord::SchemaMigration Load (0.2ms)[0m  [1m[34mSELECT "schema_migrations"."version" FROM "schema_migrations" ORDER BY "schema_migrations"."version" ASC /*application='SportsScope'*/[0m
  [1m[35mSQL (0.0ms)[0m  [1m[35mSET search_path TO public /*application='SportsScope'*/[0m
  [1m[35mSQL (0.1ms)[0m  [1m[35mSET search_path TO "$user", public /*application='SportsScope'*/[0m
  [1m[35mSQL (0.1ms)[0m  [1m[35mSET search_path TO public /*application='SportsScope'*/[0m
  [1m[35mSQL (0.1ms)[0m  [1m[35mSET search_path TO "$user", public /*application='SportsScope'*/[0m
  [1m[36mActiveRecord::SchemaMigration Load (0.3ms)[0m  [1m[34mSELECT "schema_migrations"."version" FROM "schema_migrations" ORDER BY "schema_migrations"."version" ASC /*application='SportsScope'*/[0m
  [1m[35mSQL (0.1ms)[0m  [1m[35mSET search_path TO public /*application='SportsScope'*/[0m
  [1m[35mSQL (0.1ms)[0m  [1m[35mSET search_path TO "$user", public /*application='SportsScope'*/[0m
  [1m[35mSQL (0.1ms)[0m  [1m[35mSET search_path TO public /*application='SportsScope'*/[0m
  [1m[35mSQL (0.1ms)[0m  [1m[35mSET search_path TO "$user", public /*application='SportsScope'*/[0m
[dotenv] Set [36mPOSTGRES_USER[0m, [36mPOSTGRES_PASSWORD[0m, [36mKEYCLOAK_DB_PASSWORD[0m, [36mKEYCLOAK_ADMIN[0m, [36mKEYCLOAK_ADMIN_PASSWORD[0m, [36mSTRAVA_CLIENT_ID[0m, [36mSTRAVA_CLIENT_SECRET[0m
[dotenv] Loaded [33m.env[0m
Started GET "/" for 172.23.0.1 at 2026-05-15 07:52:50 +0000
Cannot render console from 172.23.0.1! Allowed networks: 127.0.0.0/127.255.255.255, ::1, ::ffff:127.0.0.0/::ffff:127.255.255.255
  [1m[36mActiveRecord::SchemaMigration Load (0.5ms)[0m  [1m[34mSELECT "schema_migrations"."version" FROM "schema_migrations" ORDER BY "schema_migrations"."version" ASC /*application='SportsScope'*/[0m
Processing by PagesController#home as */*
  Rendering layout layouts/application.html.erb
  Rendering pages/home.html.erb within layouts/application
  Rendered pages/home.html.erb within layouts/application (Duration: 0.7ms | GC: 0.0ms)
  Rendered layout layouts/application.html.erb (Duration: 2.7ms | GC: 0.0ms)
Completed 200 OK in 14ms (Views: 4.3ms | ActiveRecord: 0.0ms (0 queries, 0 cached) | GC: 0.0ms)


Started GET "/fr" for 172.23.0.1 at 2026-05-15 07:53:00 +0000
Cannot render console from 172.23.0.1! Allowed networks: 127.0.0.0/127.255.255.255, ::1, ::ffff:127.0.0.0/::ffff:127.255.255.255
Processing by PagesController#home as */*
  Parameters: {"locale"=>"fr"}
  Rendering layout layouts/application.html.erb
  Rendering pages/home.html.erb within layouts/application
  Rendered pages/home.html.erb within layouts/application (Duration: 0.3ms | GC: 0.0ms)
  Rendered layout layouts/application.html.erb (Duration: 1.5ms | GC: 0.0ms)
Completed 200 OK in 2ms (Views: 1.8ms | ActiveRecord: 0.0ms (0 queries, 0 cached) | GC: 0.0ms)


Started POST "/auth/keycloak" for 172.23.0.1 at 2026-05-15 07:53:00 +0000
Cannot render console from 172.23.0.1! Allowed networks: 127.0.0.0/127.255.255.255, ::1, ::ffff:127.0.0.0/::ffff:127.255.255.255
(keycloak) Request phase initiated.
(keycloak) Authentication failure! ActionController::InvalidAuthenticityToken: ActionController::InvalidAuthenticityToken, ActionController::InvalidAuthenticityToken
